<?xml version="1.0" encoding="UTF-8"?>
<!-- Generated by org.testng.reporters.JUnitReportReporter -->
<testsuite hostname="SSSLT025" failures="0" tests="1" name="allPages.InvestorSetup" time="13.692" errors="0" timestamp="2024-09-05T17:23:52 IST" skipped="0">
  <testcase classname="allPages.InvestorSetup" name="TC29" time="13.692"/>
</testsuite> <!-- allPages.InvestorSetup -->
