<?xml version="1.0" encoding="UTF-8"?>
<!-- Generated by org.testng.reporters.JUnitReportReporter -->
<testsuite hostname="SSSLT025" failures="0" tests="21" name="allPages.Schedulers" time="270.179" errors="0" timestamp="2024-09-06T20:34:38 IST" skipped="1">
  <testcase classname="allPages.Schedulers" name="NoPaymentBtn" time="8.745"/>
  <testcase classname="allPages.Schedulers" name="ACHSchedulerBtn" time="8.713"/>
  <testcase classname="allPages.Schedulers" name="TC01" time="11.864"/>
  <testcase classname="allPages.Schedulers" name="TC02" time="15.272"/>
  <testcase classname="allPages.Schedulers" name="TC03" time="16.199"/>
  <testcase classname="allPages.Schedulers" name="TC04" time="15.263"/>
  <testcase classname="allPages.Schedulers" name="TC05" time="14.503">
    <skipped/>
  </testcase> <!-- TC05 -->
  <testcase classname="allPages.Schedulers" name="TC05" time="14.285"/>
  <testcase classname="allPages.Schedulers" name="TC06" time="13.815"/>
  <testcase classname="allPages.Schedulers" name="TC07" time="13.115"/>
  <testcase classname="allPages.Schedulers" name="TC08" time="13.717"/>
  <testcase classname="allPages.Schedulers" name="TC09" time="9.662"/>
  <testcase classname="allPages.Schedulers" name="TC10" time="9.537"/>
  <testcase classname="allPages.Schedulers" name="TC11" time="9.770"/>
  <testcase classname="allPages.Schedulers" name="TC12" time="11.020"/>
  <testcase classname="allPages.Schedulers" name="TC13" time="15.109"/>
  <testcase classname="allPages.Schedulers" name="TC14" time="14.985"/>
  <testcase classname="allPages.Schedulers" name="TC15" time="14.487"/>
  <testcase classname="allPages.Schedulers" name="TC16" time="16.518"/>
  <testcase classname="allPages.Schedulers" name="TC17" time="10.765"/>
  <testcase classname="allPages.Schedulers" name="TC18" time="12.835"/>
</testsuite> <!-- allPages.Schedulers -->
