<?xml version="1.0" encoding="UTF-8"?>
<!-- Generated by org.testng.reporters.JUnitReportReporter -->
<testsuite hostname="SSSLT025" failures="0" tests="1" name="allPages.InstallerSetup" time="26.868" errors="0" timestamp="2024-09-05T17:22:35 IST" skipped="0">
  <testcase classname="allPages.InstallerSetup" name="TC24" time="26.868"/>
</testsuite> <!-- allPages.InstallerSetup -->
