<?xml version="1.0" encoding="UTF-8"?>
<!-- Generated by org.testng.reporters.JUnitReportReporter -->
<testsuite hostname="SSSLT025" failures="0" tests="16" name="allPages.Tickets" time="199.662" errors="0" timestamp="2024-09-06T20:34:38 IST" skipped="0">
  <testcase classname="allPages.Tickets" name="TicketsClick" time="6.843"/>
  <testcase classname="allPages.Tickets" name="TC01" time="6.835"/>
  <testcase classname="allPages.Tickets" name="TC02" time="7.020"/>
  <testcase classname="allPages.Tickets" name="TC03" time="13.774"/>
  <testcase classname="allPages.Tickets" name="TC04" time="15.553"/>
  <testcase classname="allPages.Tickets" name="TC05" time="13.543"/>
  <testcase classname="allPages.Tickets" name="TC06" time="14.484"/>
  <testcase classname="allPages.Tickets" name="TC07" time="13.745"/>
  <testcase classname="allPages.Tickets" name="TC08" time="17.712"/>
  <testcase classname="allPages.Tickets" name="TC09" time="14.048"/>
  <testcase classname="allPages.Tickets" name="TC10" time="13.884"/>
  <testcase classname="allPages.Tickets" name="TC11" time="12.031"/>
  <testcase classname="allPages.Tickets" name="TC12" time="12.026"/>
  <testcase classname="allPages.Tickets" name="TC13" time="14.101"/>
  <testcase classname="allPages.Tickets" name="TC14" time="12.011"/>
  <testcase classname="allPages.Tickets" name="TC15" time="12.052"/>
</testsuite> <!-- allPages.Tickets -->
