<?xml version="1.0" encoding="UTF-8"?>
<!-- Generated by org.testng.reporters.JUnitReportReporter -->
<testsuite hostname="SSSLT025" failures="0" tests="60" name="allPages.InvoicePayAndCreate" time="820.544" errors="5" timestamp="2024-09-06T20:34:38 IST" skipped="10">
  <testcase classname="allPages.InvoicePayAndCreate" name="CreateInvoiceClick" time="7.283"/>
  <testcase classname="allPages.InvoicePayAndCreate" name="InvoicePayClick" time="8.605"/>
  <testcase classname="allPages.InvoicePayAndCreate" name="TC01" time="8.618"/>
  <testcase classname="allPages.InvoicePayAndCreate" name="TC02" time="9.444"/>
  <testcase classname="allPages.InvoicePayAndCreate" name="TC03" time="9.888"/>
  <testcase classname="allPages.InvoicePayAndCreate" name="TC04" time="12.201"/>
  <testcase classname="allPages.InvoicePayAndCreate" name="TC06" time="10.825"/>
  <testcase classname="allPages.InvoicePayAndCreate" name="TC07" time="10.024"/>
  <testcase classname="allPages.InvoicePayAndCreate" name="TC08" time="14.410"/>
  <testcase classname="allPages.InvoicePayAndCreate" name="TC09" time="9.347"/>
  <testcase classname="allPages.InvoicePayAndCreate" name="TC10" time="10.033"/>
  <testcase classname="allPages.InvoicePayAndCreate" name="TC11" time="10.547"/>
  <testcase classname="allPages.InvoicePayAndCreate" name="TC12" time="10.814"/>
  <testcase classname="allPages.InvoicePayAndCreate" name="TC13" time="14.973"/>
  <testcase classname="allPages.InvoicePayAndCreate" name="TC14" time="10.334"/>
  <testcase classname="allPages.InvoicePayAndCreate" name="TC15" time="10.719"/>
  <testcase classname="allPages.InvoicePayAndCreate" name="TC16" time="10.672"/>
  <testcase classname="allPages.InvoicePayAndCreate" name="TC17" time="10.808"/>
  <testcase classname="allPages.InvoicePayAndCreate" name="TC18" time="11.127"/>
  <testcase classname="allPages.InvoicePayAndCreate" name="TC19" time="10.736"/>
  <testcase classname="allPages.InvoicePayAndCreate" name="TC20" time="10.818"/>
  <testcase classname="allPages.InvoicePayAndCreate" name="TC21" time="10.568"/>
  <testcase classname="allPages.InvoicePayAndCreate" name="TC22" time="10.175"/>
  <testcase classname="allPages.InvoicePayAndCreate" name="TC23" time="11.041"/>
  <testcase classname="allPages.InvoicePayAndCreate" name="TC24" time="11.215"/>
  <testcase classname="allPages.InvoicePayAndCreate" name="TC25" time="10.106"/>
  <testcase classname="allPages.InvoicePayAndCreate" name="TC26" time="70.564">
    <error message="Expected condition failed: waiting for element to be clickable: By.xpath: /html/body/div[4]/div/div[2]/div/div[2]/div/div/div/div[2]/button (tried for 60 second(s) with 500 milliseconds interval)
Build info: version: &#039;4.18.1&#039;, revision: &#039;b1d3319b48&#039;
System info: os.name: &#039;Windows 11&#039;, os.arch: &#039;amd64&#039;, os.version: &#039;10.0&#039;, java.version: &#039;21.0.2&#039;
Driver info: org.openqa.selenium.chrome.ChromeDriver
Capabilities {acceptInsecureCerts: false, browserName: chrome, browserVersion: 128.0.6613.120, chrome: {chromedriverVersion: 128.0.6613.119 (6e439cfca4d..., userDataDir: C:\Users\THIRUM~1\AppData\L...}, fedcm:accounts: true, goog:chromeOptions: {debuggerAddress: localhost:50326}, networkConnectionEnabled: false, pageLoadStrategy: normal, platformName: windows, proxy: Proxy(), se:cdp: ws://localhost:50326/devtoo..., se:cdpVersion: 128.0.6613.120, setWindowRect: true, strictFileInteractability: false, timeouts: {implicit: 0, pageLoad: 300000, script: 30000}, unhandledPromptBehavior: dismiss and notify, webauthn:extension:credBlob: true, webauthn:extension:largeBlob: true, webauthn:extension:minPinLength: true, webauthn:extension:prf: true, webauthn:virtualAuthenticators: true}
Session ID: 2ef34c3e4d56aa89f2f841f52fe0acec" type="org.openqa.selenium.TimeoutException">
      <![CDATA[org.openqa.selenium.TimeoutException: Expected condition failed: waiting for element to be clickable: By.xpath: /html/body/div[4]/div/div[2]/div/div[2]/div/div/div/div[2]/button (tried for 60 second(s) with 500 milliseconds interval)
Build info: version: '4.18.1', revision: 'b1d3319b48'
System info: os.name: 'Windows 11', os.arch: 'amd64', os.version: '10.0', java.version: '21.0.2'
Driver info: org.openqa.selenium.chrome.ChromeDriver
Capabilities {acceptInsecureCerts: false, browserName: chrome, browserVersion: 128.0.6613.120, chrome: {chromedriverVersion: 128.0.6613.119 (6e439cfca4d..., userDataDir: C:\Users\THIRUM~1\AppData\L...}, fedcm:accounts: true, goog:chromeOptions: {debuggerAddress: localhost:50326}, networkConnectionEnabled: false, pageLoadStrategy: normal, platformName: windows, proxy: Proxy(), se:cdp: ws://localhost:50326/devtoo..., se:cdpVersion: 128.0.6613.120, setWindowRect: true, strictFileInteractability: false, timeouts: {implicit: 0, pageLoad: 300000, script: 30000}, unhandledPromptBehavior: dismiss and notify, webauthn:extension:credBlob: true, webauthn:extension:largeBlob: true, webauthn:extension:minPinLength: true, webauthn:extension:prf: true, webauthn:virtualAuthenticators: true}
Session ID: 2ef34c3e4d56aa89f2f841f52fe0acec
at org.openqa.selenium.support.ui.WebDriverWait.timeoutException(WebDriverWait.java:84)
at org.openqa.selenium.support.ui.FluentWait.until(FluentWait.java:228)
at allPages.InvoicePayAndCreate.TC26(InvoicePayAndCreate.java:646)
at java.base/jdk.internal.reflect.DirectMethodHandleAccessor.invoke(DirectMethodHandleAccessor.java:103)
at java.base/java.lang.reflect.Method.invoke(Method.java:580)
at org.testng.internal.invokers.MethodInvocationHelper.invokeMethod(MethodInvocationHelper.java:139)
at org.testng.internal.invokers.TestInvoker.invokeMethod(TestInvoker.java:664)
at org.testng.internal.invokers.TestInvoker.retryFailed(TestInvoker.java:249)
at org.testng.internal.invokers.MethodRunner.runInSequence(MethodRunner.java:76)
at org.testng.internal.invokers.TestInvoker$MethodInvocationAgent.invoke(TestInvoker.java:961)
at org.testng.internal.invokers.TestInvoker.invokeTestMethods(TestInvoker.java:201)
at org.testng.internal.invokers.TestMethodWorker.invokeTestMethods(TestMethodWorker.java:148)
at org.testng.internal.invokers.TestMethodWorker.run(TestMethodWorker.java:128)
at java.base/java.util.ArrayList.forEach(ArrayList.java:1596)
at org.testng.TestRunner.privateRun(TestRunner.java:819)
at org.testng.TestRunner.run(TestRunner.java:619)
at org.testng.SuiteRunner.runTest(SuiteRunner.java:443)
at org.testng.SuiteRunner.runSequentially(SuiteRunner.java:437)
at org.testng.SuiteRunner.privateRun(SuiteRunner.java:397)
at org.testng.SuiteRunner.run(SuiteRunner.java:336)
at org.testng.SuiteRunnerWorker.runSuite(SuiteRunnerWorker.java:52)
at org.testng.SuiteRunnerWorker.run(SuiteRunnerWorker.java:95)
at org.testng.TestNG.runSuitesSequentially(TestNG.java:1301)
at org.testng.TestNG.runSuitesLocally(TestNG.java:1228)
at org.testng.TestNG.runSuites(TestNG.java:1134)
at org.testng.TestNG.run(TestNG.java:1101)
at org.testng.remote.AbstractRemoteTestNG.run(AbstractRemoteTestNG.java:115)
at org.testng.remote.RemoteTestNG.initAndRun(RemoteTestNG.java:251)
at org.testng.remote.RemoteTestNG.main(RemoteTestNG.java:77)
]]>
    </error>
  </testcase> <!-- TC26 -->
  <testcase classname="allPages.InvoicePayAndCreate" name="TC26" time="72.294">
    <skipped/>
  </testcase> <!-- TC26 -->
  <testcase classname="allPages.InvoicePayAndCreate" name="TC26" time="10.122">
    <skipped/>
  </testcase> <!-- TC26 -->
  <testcase classname="allPages.InvoicePayAndCreate" name="TC28" time="12.264"/>
  <testcase classname="allPages.InvoicePayAndCreate" name="TC29" time="12.078">
    <skipped/>
  </testcase> <!-- TC29 -->
  <testcase classname="allPages.InvoicePayAndCreate" name="TC29" time="69.838">
    <skipped/>
  </testcase> <!-- TC29 -->
  <testcase classname="allPages.InvoicePayAndCreate" name="TC29" time="12.905">
    <error message="cannot open system clipboard" type="java.lang.IllegalStateException">
      <![CDATA[java.lang.IllegalStateException: cannot open system clipboard
at java.desktop/sun.awt.windows.WClipboard.openClipboard(Native Method)
at java.desktop/sun.awt.windows.WClipboard.setContentsNative(WClipboard.java:75)
at java.desktop/sun.awt.datatransfer.SunClipboard.setContents(SunClipboard.java:105)
at allPages.InvoicePayAndCreate.TC29(InvoicePayAndCreate.java:708)
at java.base/jdk.internal.reflect.DirectMethodHandleAccessor.invoke(DirectMethodHandleAccessor.java:103)
at java.base/java.lang.reflect.Method.invoke(Method.java:580)
at org.testng.internal.invokers.MethodInvocationHelper.invokeMethod(MethodInvocationHelper.java:139)
at org.testng.internal.invokers.TestInvoker.invokeMethod(TestInvoker.java:664)
at org.testng.internal.invokers.TestInvoker.retryFailed(TestInvoker.java:249)
at org.testng.internal.invokers.MethodRunner.runInSequence(MethodRunner.java:76)
at org.testng.internal.invokers.TestInvoker$MethodInvocationAgent.invoke(TestInvoker.java:961)
at org.testng.internal.invokers.TestInvoker.invokeTestMethods(TestInvoker.java:201)
at org.testng.internal.invokers.TestMethodWorker.invokeTestMethods(TestMethodWorker.java:148)
at org.testng.internal.invokers.TestMethodWorker.run(TestMethodWorker.java:128)
at java.base/java.util.ArrayList.forEach(ArrayList.java:1596)
at org.testng.TestRunner.privateRun(TestRunner.java:819)
at org.testng.TestRunner.run(TestRunner.java:619)
at org.testng.SuiteRunner.runTest(SuiteRunner.java:443)
at org.testng.SuiteRunner.runSequentially(SuiteRunner.java:437)
at org.testng.SuiteRunner.privateRun(SuiteRunner.java:397)
at org.testng.SuiteRunner.run(SuiteRunner.java:336)
at org.testng.SuiteRunnerWorker.runSuite(SuiteRunnerWorker.java:52)
at org.testng.SuiteRunnerWorker.run(SuiteRunnerWorker.java:95)
at org.testng.TestNG.runSuitesSequentially(TestNG.java:1301)
at org.testng.TestNG.runSuitesLocally(TestNG.java:1228)
at org.testng.TestNG.runSuites(TestNG.java:1134)
at org.testng.TestNG.run(TestNG.java:1101)
at org.testng.remote.AbstractRemoteTestNG.run(AbstractRemoteTestNG.java:115)
at org.testng.remote.RemoteTestNG.initAndRun(RemoteTestNG.java:251)
at org.testng.remote.RemoteTestNG.main(RemoteTestNG.java:77)
]]>
    </error>
  </testcase> <!-- TC29 -->
  <testcase classname="allPages.InvoicePayAndCreate" name="TC30" time="9.752"/>
  <testcase classname="allPages.InvoicePayAndCreate" name="TC31" time="10.991"/>
  <testcase classname="allPages.InvoicePayAndCreate" name="TC32" time="10.368"/>
  <testcase classname="allPages.InvoicePayAndCreate" name="TC33" time="10.433"/>
  <testcase classname="allPages.InvoicePayAndCreate" name="TC34" time="9.515"/>
  <testcase classname="allPages.InvoicePayAndCreate" name="TC35" time="11.206">
    <skipped/>
  </testcase> <!-- TC35 -->
  <testcase classname="allPages.InvoicePayAndCreate" name="TC35" time="10.903">
    <error message="element click intercepted: Element &lt;input class=&quot;form-check-input&quot; type=&quot;checkbox&quot; name=&quot;confirm&quot; value=&quot;false&quot;&gt; is not clickable at point (780, 286). Other element would receive the click: &lt;div tabindex=&quot;-1&quot; class=&quot;ant-modal-wrap ant-modal-centered&quot;&gt;...&lt;/div&gt;
  (Session info: chrome=128.0.6613.120)
Build info: version: &#039;4.18.1&#039;, revision: &#039;b1d3319b48&#039;
System info: os.name: &#039;Windows 11&#039;, os.arch: &#039;amd64&#039;, os.version: &#039;10.0&#039;, java.version: &#039;21.0.2&#039;
Driver info: org.openqa.selenium.chrome.ChromeDriver
Command: [5f3707424f564a5722888c6ca15c4798, clickElement {id=f.627E8C59D950B520FBE5818DA25A8999.d.2C0FE69FD92FEE7A32177162E79DA128.e.167}]
Capabilities {acceptInsecureCerts: false, browserName: chrome, browserVersion: 128.0.6613.120, chrome: {chromedriverVersion: 128.0.6613.119 (6e439cfca4d..., userDataDir: C:\Users\THIRUM~1\AppData\L...}, fedcm:accounts: true, goog:chromeOptions: {debuggerAddress: localhost:52176}, networkConnectionEnabled: false, pageLoadStrategy: normal, platformName: windows, proxy: Proxy(), se:cdp: ws://localhost:52176/devtoo..., se:cdpVersion: 128.0.6613.120, setWindowRect: true, strictFileInteractability: false, timeouts: {implicit: 0, pageLoad: 300000, script: 30000}, unhandledPromptBehavior: dismiss and notify, webauthn:extension:credBlob: true, webauthn:extension:largeBlob: true, webauthn:extension:minPinLength: true, webauthn:extension:prf: true, webauthn:virtualAuthenticators: true}
Element: [[ChromeDriver: chrome on windows (5f3707424f564a5722888c6ca15c4798)] -&gt; name: confirm]
Session ID: 5f3707424f564a5722888c6ca15c4798" type="org.openqa.selenium.ElementClickInterceptedException">
      <![CDATA[org.openqa.selenium.ElementClickInterceptedException: element click intercepted: Element <input class="form-check-input" type="checkbox" name="confirm" value="false"> is not clickable at point (780, 286). Other element would receive the click: <div tabindex="-1" class="ant-modal-wrap ant-modal-centered">...</div>
  (Session info: chrome=128.0.6613.120)
Build info: version: '4.18.1', revision: 'b1d3319b48'
System info: os.name: 'Windows 11', os.arch: 'amd64', os.version: '10.0', java.version: '21.0.2'
Driver info: org.openqa.selenium.chrome.ChromeDriver
Command: [5f3707424f564a5722888c6ca15c4798, clickElement {id=f.627E8C59D950B520FBE5818DA25A8999.d.2C0FE69FD92FEE7A32177162E79DA128.e.167}]
Capabilities {acceptInsecureCerts: false, browserName: chrome, browserVersion: 128.0.6613.120, chrome: {chromedriverVersion: 128.0.6613.119 (6e439cfca4d..., userDataDir: C:\Users\THIRUM~1\AppData\L...}, fedcm:accounts: true, goog:chromeOptions: {debuggerAddress: localhost:52176}, networkConnectionEnabled: false, pageLoadStrategy: normal, platformName: windows, proxy: Proxy(), se:cdp: ws://localhost:52176/devtoo..., se:cdpVersion: 128.0.6613.120, setWindowRect: true, strictFileInteractability: false, timeouts: {implicit: 0, pageLoad: 300000, script: 30000}, unhandledPromptBehavior: dismiss and notify, webauthn:extension:credBlob: true, webauthn:extension:largeBlob: true, webauthn:extension:minPinLength: true, webauthn:extension:prf: true, webauthn:virtualAuthenticators: true}
Element: [[ChromeDriver: chrome on windows (5f3707424f564a5722888c6ca15c4798)] -> name: confirm]
Session ID: 5f3707424f564a5722888c6ca15c4798
at java.base/jdk.internal.reflect.DirectConstructorHandleAccessor.newInstance(DirectConstructorHandleAccessor.java:62)
at java.base/java.lang.reflect.Constructor.newInstanceWithCaller(Constructor.java:502)
at java.base/java.lang.reflect.Constructor.newInstance(Constructor.java:486)
at org.openqa.selenium.remote.ErrorCodec.decode(ErrorCodec.java:167)
at org.openqa.selenium.remote.codec.w3c.W3CHttpResponseCodec.decode(W3CHttpResponseCodec.java:138)
at org.openqa.selenium.remote.codec.w3c.W3CHttpResponseCodec.decode(W3CHttpResponseCodec.java:50)
at org.openqa.selenium.remote.HttpCommandExecutor.execute(HttpCommandExecutor.java:190)
at org.openqa.selenium.remote.service.DriverCommandExecutor.invokeExecute(DriverCommandExecutor.java:216)
at org.openqa.selenium.remote.service.DriverCommandExecutor.execute(DriverCommandExecutor.java:174)
at org.openqa.selenium.remote.RemoteWebDriver.execute(RemoteWebDriver.java:519)
at org.openqa.selenium.remote.RemoteWebElement.execute(RemoteWebElement.java:223)
at org.openqa.selenium.remote.RemoteWebElement.click(RemoteWebElement.java:76)
at allPages.InvoicePayAndCreate.TC35(InvoicePayAndCreate.java:836)
at java.base/jdk.internal.reflect.DirectMethodHandleAccessor.invoke(DirectMethodHandleAccessor.java:103)
at java.base/java.lang.reflect.Method.invoke(Method.java:580)
at org.testng.internal.invokers.MethodInvocationHelper.invokeMethod(MethodInvocationHelper.java:139)
at org.testng.internal.invokers.TestInvoker.invokeMethod(TestInvoker.java:664)
at org.testng.internal.invokers.TestInvoker.retryFailed(TestInvoker.java:249)
at org.testng.internal.invokers.MethodRunner.runInSequence(MethodRunner.java:76)
at org.testng.internal.invokers.TestInvoker$MethodInvocationAgent.invoke(TestInvoker.java:961)
at org.testng.internal.invokers.TestInvoker.invokeTestMethods(TestInvoker.java:201)
at org.testng.internal.invokers.TestMethodWorker.invokeTestMethods(TestMethodWorker.java:148)
at org.testng.internal.invokers.TestMethodWorker.run(TestMethodWorker.java:128)
at java.base/java.util.ArrayList.forEach(ArrayList.java:1596)
at org.testng.TestRunner.privateRun(TestRunner.java:819)
at org.testng.TestRunner.run(TestRunner.java:619)
at org.testng.SuiteRunner.runTest(SuiteRunner.java:443)
at org.testng.SuiteRunner.runSequentially(SuiteRunner.java:437)
at org.testng.SuiteRunner.privateRun(SuiteRunner.java:397)
at org.testng.SuiteRunner.run(SuiteRunner.java:336)
at org.testng.SuiteRunnerWorker.runSuite(SuiteRunnerWorker.java:52)
at org.testng.SuiteRunnerWorker.run(SuiteRunnerWorker.java:95)
at org.testng.TestNG.runSuitesSequentially(TestNG.java:1301)
at org.testng.TestNG.runSuitesLocally(TestNG.java:1228)
at org.testng.TestNG.runSuites(TestNG.java:1134)
at org.testng.TestNG.run(TestNG.java:1101)
at org.testng.remote.AbstractRemoteTestNG.run(AbstractRemoteTestNG.java:115)
at org.testng.remote.RemoteTestNG.initAndRun(RemoteTestNG.java:251)
at org.testng.remote.RemoteTestNG.main(RemoteTestNG.java:77)
]]>
    </error>
  </testcase> <!-- TC35 -->
  <testcase classname="allPages.InvoicePayAndCreate" name="TC35" time="11.126">
    <skipped/>
  </testcase> <!-- TC35 -->
  <testcase classname="allPages.InvoicePayAndCreate" name="TC36" time="10.008"/>
  <testcase classname="allPages.InvoicePayAndCreate" name="TC37" time="8.991"/>
  <testcase classname="allPages.InvoicePayAndCreate" name="TC38" time="11.442">
    <skipped/>
  </testcase> <!-- TC38 -->
  <testcase classname="allPages.InvoicePayAndCreate" name="TC38" time="11.640">
    <error message="cannot open system clipboard" type="java.lang.IllegalStateException">
      <![CDATA[java.lang.IllegalStateException: cannot open system clipboard
at java.desktop/sun.awt.windows.WClipboard.openClipboard(Native Method)
at java.desktop/sun.awt.windows.WClipboard.setContentsNative(WClipboard.java:75)
at java.desktop/sun.awt.datatransfer.SunClipboard.setContents(SunClipboard.java:105)
at allPages.InvoicePayAndCreate.TC38(InvoicePayAndCreate.java:897)
at java.base/jdk.internal.reflect.DirectMethodHandleAccessor.invoke(DirectMethodHandleAccessor.java:103)
at java.base/java.lang.reflect.Method.invoke(Method.java:580)
at org.testng.internal.invokers.MethodInvocationHelper.invokeMethod(MethodInvocationHelper.java:139)
at org.testng.internal.invokers.TestInvoker.invokeMethod(TestInvoker.java:664)
at org.testng.internal.invokers.TestInvoker.retryFailed(TestInvoker.java:249)
at org.testng.internal.invokers.MethodRunner.runInSequence(MethodRunner.java:76)
at org.testng.internal.invokers.TestInvoker$MethodInvocationAgent.invoke(TestInvoker.java:961)
at org.testng.internal.invokers.TestInvoker.invokeTestMethods(TestInvoker.java:201)
at org.testng.internal.invokers.TestMethodWorker.invokeTestMethods(TestMethodWorker.java:148)
at org.testng.internal.invokers.TestMethodWorker.run(TestMethodWorker.java:128)
at java.base/java.util.ArrayList.forEach(ArrayList.java:1596)
at org.testng.TestRunner.privateRun(TestRunner.java:819)
at org.testng.TestRunner.run(TestRunner.java:619)
at org.testng.SuiteRunner.runTest(SuiteRunner.java:443)
at org.testng.SuiteRunner.runSequentially(SuiteRunner.java:437)
at org.testng.SuiteRunner.privateRun(SuiteRunner.java:397)
at org.testng.SuiteRunner.run(SuiteRunner.java:336)
at org.testng.SuiteRunnerWorker.runSuite(SuiteRunnerWorker.java:52)
at org.testng.SuiteRunnerWorker.run(SuiteRunnerWorker.java:95)
at org.testng.TestNG.runSuitesSequentially(TestNG.java:1301)
at org.testng.TestNG.runSuitesLocally(TestNG.java:1228)
at org.testng.TestNG.runSuites(TestNG.java:1134)
at org.testng.TestNG.run(TestNG.java:1101)
at org.testng.remote.AbstractRemoteTestNG.run(AbstractRemoteTestNG.java:115)
at org.testng.remote.RemoteTestNG.initAndRun(RemoteTestNG.java:251)
at org.testng.remote.RemoteTestNG.main(RemoteTestNG.java:77)
]]>
    </error>
  </testcase> <!-- TC38 -->
  <testcase classname="allPages.InvoicePayAndCreate" name="TC38" time="11.334">
    <skipped/>
  </testcase> <!-- TC38 -->
  <testcase classname="allPages.InvoicePayAndCreate" name="TC39" time="9.321"/>
  <testcase classname="allPages.InvoicePayAndCreate" name="TC40" time="10.877">
    <skipped/>
  </testcase> <!-- TC40 -->
  <testcase classname="allPages.InvoicePayAndCreate" name="TC40" time="11.384">
    <skipped/>
  </testcase> <!-- TC40 -->
  <testcase classname="allPages.InvoicePayAndCreate" name="TC40" time="11.408">
    <error message="cannot open system clipboard" type="java.lang.IllegalStateException">
      <![CDATA[java.lang.IllegalStateException: cannot open system clipboard
at java.desktop/sun.awt.windows.WClipboard.openClipboard(Native Method)
at java.desktop/sun.awt.windows.WClipboard.setContentsNative(WClipboard.java:75)
at java.desktop/sun.awt.datatransfer.SunClipboard.setContents(SunClipboard.java:105)
at allPages.InvoicePayAndCreate.TC38(InvoicePayAndCreate.java:897)
at allPages.InvoicePayAndCreate.TC40(InvoicePayAndCreate.java:923)
at java.base/jdk.internal.reflect.DirectMethodHandleAccessor.invoke(DirectMethodHandleAccessor.java:103)
at java.base/java.lang.reflect.Method.invoke(Method.java:580)
at org.testng.internal.invokers.MethodInvocationHelper.invokeMethod(MethodInvocationHelper.java:139)
at org.testng.internal.invokers.TestInvoker.invokeMethod(TestInvoker.java:664)
at org.testng.internal.invokers.TestInvoker.retryFailed(TestInvoker.java:249)
at org.testng.internal.invokers.MethodRunner.runInSequence(MethodRunner.java:76)
at org.testng.internal.invokers.TestInvoker$MethodInvocationAgent.invoke(TestInvoker.java:961)
at org.testng.internal.invokers.TestInvoker.invokeTestMethods(TestInvoker.java:201)
at org.testng.internal.invokers.TestMethodWorker.invokeTestMethods(TestMethodWorker.java:148)
at org.testng.internal.invokers.TestMethodWorker.run(TestMethodWorker.java:128)
at java.base/java.util.ArrayList.forEach(ArrayList.java:1596)
at org.testng.TestRunner.privateRun(TestRunner.java:819)
at org.testng.TestRunner.run(TestRunner.java:619)
at org.testng.SuiteRunner.runTest(SuiteRunner.java:443)
at org.testng.SuiteRunner.runSequentially(SuiteRunner.java:437)
at org.testng.SuiteRunner.privateRun(SuiteRunner.java:397)
at org.testng.SuiteRunner.run(SuiteRunner.java:336)
at org.testng.SuiteRunnerWorker.runSuite(SuiteRunnerWorker.java:52)
at org.testng.SuiteRunnerWorker.run(SuiteRunnerWorker.java:95)
at org.testng.TestNG.runSuitesSequentially(TestNG.java:1301)
at org.testng.TestNG.runSuitesLocally(TestNG.java:1228)
at org.testng.TestNG.runSuites(TestNG.java:1134)
at org.testng.TestNG.run(TestNG.java:1101)
at org.testng.remote.AbstractRemoteTestNG.run(AbstractRemoteTestNG.java:115)
at org.testng.remote.RemoteTestNG.initAndRun(RemoteTestNG.java:251)
at org.testng.remote.RemoteTestNG.main(RemoteTestNG.java:77)
]]>
    </error>
  </testcase> <!-- TC40 -->
  <testcase classname="allPages.InvoicePayAndCreate" name="TC41" time="9.862"/>
  <testcase classname="allPages.InvoicePayAndCreate" name="TC42" time="8.681"/>
  <testcase classname="allPages.InvoicePayAndCreate" name="TC43" time="10.341"/>
  <testcase classname="allPages.InvoicePayAndCreate" name="TC44" time="8.623"/>
  <testcase classname="allPages.InvoicePayAndCreate" name="TC44a" time="10.369"/>
  <testcase classname="allPages.InvoicePayAndCreate" name="TC45" time="8.789"/>
  <testcase classname="allPages.InvoicePayAndCreate" name="TC46" time="11.991"/>
  <testcase classname="allPages.InvoicePayAndCreate" name="TC47" time="14.752"/>
  <testcase classname="allPages.InvoicePayAndCreate" name="TC48" time="11.955"/>
  <testcase classname="allPages.InvoicePayAndCreate" name="TC49" time="9.086"/>
</testsuite> <!-- allPages.InvoicePayAndCreate -->
