<?xml version="1.0" encoding="UTF-8"?>
<!-- Generated by org.testng.reporters.JUnitReportReporter -->
<testsuite hostname="SSSLT025" failures="0" tests="1" name="allPages.Admin" time="15.636" errors="0" timestamp="2024-09-09T15:48:25 IST" skipped="0">
  <testcase classname="allPages.Admin" name="TC35" time="15.636"/>
</testsuite> <!-- allPages.Admin -->
