<?xml version="1.0" encoding="UTF-8"?>
<!-- Generated by org.testng.reporters.JUnitReportReporter -->
<testsuite hostname="SSSLT025" failures="0" tests="10" name="allPages.Login" time="106.322" errors="0" timestamp="2024-09-04T11:41:45 IST" skipped="0">
  <testcase classname="allPages.Login" name="Login_TC1" time="5.586"/>
  <testcase classname="allPages.Login" name="Login_TC2" time="5.032"/>
  <testcase classname="allPages.Login" name="Login_TC3" time="9.642"/>
  <testcase classname="allPages.Login" name="Login_TC4" time="7.251"/>
  <testcase classname="allPages.Login" name="Login_TC5" time="7.650"/>
  <testcase classname="allPages.Login" name="Login_TC6" time="17.893"/>
  <testcase classname="allPages.Login" name="Login_TC7" time="17.112"/>
  <testcase classname="allPages.Login" name="Login_T11" time="24.366"/>
  <testcase classname="allPages.Login" name="Login_TC8" time="5.656"/>
  <testcase classname="allPages.Login" name="Login_TC9" time="6.134"/>
</testsuite> <!-- allPages.Login -->
