<?xml version="1.0" encoding="UTF-8"?>
<!-- Generated by org.testng.reporters.JUnitReportReporter -->
<testsuite hostname="SSSLT025" failures="0" tests="41" name="allPages.InvestorSetup" time="443.574" errors="3" timestamp="2024-09-06T20:34:38 IST" skipped="7">
  <testcase classname="allPages.InvestorSetup" name="InvestorBtnClick" time="8.402"/>
  <testcase classname="allPages.InvestorSetup" name="TC01" time="8.388"/>
  <testcase classname="allPages.InvestorSetup" name="TC02" time="9.201"/>
  <testcase classname="allPages.InvestorSetup" name="TC03" time="11.026"/>
  <testcase classname="allPages.InvestorSetup" name="TC04" time="8.747"/>
  <testcase classname="allPages.InvestorSetup" name="TC05" time="13.050"/>
  <testcase classname="allPages.InvestorSetup" name="TC06" time="9.013"/>
  <testcase classname="allPages.InvestorSetup" name="TC07" time="9.887"/>
  <testcase classname="allPages.InvestorSetup" name="TC08" time="9.265"/>
  <testcase classname="allPages.InvestorSetup" name="TC09" time="13.580">
    <error message="cannot open system clipboard" type="java.lang.IllegalStateException">
      <![CDATA[java.lang.IllegalStateException: cannot open system clipboard
at java.desktop/sun.awt.windows.WClipboard.openClipboard(Native Method)
at java.desktop/sun.awt.windows.WClipboard.setContentsNative(WClipboard.java:75)
at java.desktop/sun.awt.datatransfer.SunClipboard.setContents(SunClipboard.java:105)
at allPages.InvestorSetup.TC09(InvestorSetup.java:312)
at java.base/jdk.internal.reflect.DirectMethodHandleAccessor.invoke(DirectMethodHandleAccessor.java:103)
at java.base/java.lang.reflect.Method.invoke(Method.java:580)
at org.testng.internal.invokers.MethodInvocationHelper.invokeMethod(MethodInvocationHelper.java:139)
at org.testng.internal.invokers.TestInvoker.invokeMethod(TestInvoker.java:664)
at org.testng.internal.invokers.TestInvoker.retryFailed(TestInvoker.java:249)
at org.testng.internal.invokers.MethodRunner.runInSequence(MethodRunner.java:76)
at org.testng.internal.invokers.TestInvoker$MethodInvocationAgent.invoke(TestInvoker.java:961)
at org.testng.internal.invokers.TestInvoker.invokeTestMethods(TestInvoker.java:201)
at org.testng.internal.invokers.TestMethodWorker.invokeTestMethods(TestMethodWorker.java:148)
at org.testng.internal.invokers.TestMethodWorker.run(TestMethodWorker.java:128)
at java.base/java.util.ArrayList.forEach(ArrayList.java:1596)
at org.testng.TestRunner.privateRun(TestRunner.java:819)
at org.testng.TestRunner.run(TestRunner.java:619)
at org.testng.SuiteRunner.runTest(SuiteRunner.java:443)
at org.testng.SuiteRunner.runSequentially(SuiteRunner.java:437)
at org.testng.SuiteRunner.privateRun(SuiteRunner.java:397)
at org.testng.SuiteRunner.run(SuiteRunner.java:336)
at org.testng.SuiteRunnerWorker.runSuite(SuiteRunnerWorker.java:52)
at org.testng.SuiteRunnerWorker.run(SuiteRunnerWorker.java:95)
at org.testng.TestNG.runSuitesSequentially(TestNG.java:1301)
at org.testng.TestNG.runSuitesLocally(TestNG.java:1228)
at org.testng.TestNG.runSuites(TestNG.java:1134)
at org.testng.TestNG.run(TestNG.java:1101)
at org.testng.remote.AbstractRemoteTestNG.run(AbstractRemoteTestNG.java:115)
at org.testng.remote.RemoteTestNG.initAndRun(RemoteTestNG.java:251)
at org.testng.remote.RemoteTestNG.main(RemoteTestNG.java:77)
]]>
    </error>
  </testcase> <!-- TC09 -->
  <testcase classname="allPages.InvestorSetup" name="TC09" time="14.196">
    <skipped/>
  </testcase> <!-- TC09 -->
  <testcase classname="allPages.InvestorSetup" name="TC09" time="13.608">
    <skipped/>
  </testcase> <!-- TC09 -->
  <testcase classname="allPages.InvestorSetup" name="TC10" time="17.890">
    <skipped/>
  </testcase> <!-- TC10 -->
  <testcase classname="allPages.InvestorSetup" name="TC10" time="17.085">
    <skipped/>
  </testcase> <!-- TC10 -->
  <testcase classname="allPages.InvestorSetup" name="TC10" time="17.031">
    <error message="cannot open system clipboard" type="java.lang.IllegalStateException">
      <![CDATA[java.lang.IllegalStateException: cannot open system clipboard
at java.desktop/sun.awt.windows.WClipboard.openClipboard(Native Method)
at java.desktop/sun.awt.windows.WClipboard.setContentsNative(WClipboard.java:75)
at java.desktop/sun.awt.datatransfer.SunClipboard.setContents(SunClipboard.java:105)
at allPages.InvestorSetup.TC10(InvestorSetup.java:356)
at java.base/jdk.internal.reflect.DirectMethodHandleAccessor.invoke(DirectMethodHandleAccessor.java:103)
at java.base/java.lang.reflect.Method.invoke(Method.java:580)
at org.testng.internal.invokers.MethodInvocationHelper.invokeMethod(MethodInvocationHelper.java:139)
at org.testng.internal.invokers.TestInvoker.invokeMethod(TestInvoker.java:664)
at org.testng.internal.invokers.TestInvoker.retryFailed(TestInvoker.java:249)
at org.testng.internal.invokers.MethodRunner.runInSequence(MethodRunner.java:76)
at org.testng.internal.invokers.TestInvoker$MethodInvocationAgent.invoke(TestInvoker.java:961)
at org.testng.internal.invokers.TestInvoker.invokeTestMethods(TestInvoker.java:201)
at org.testng.internal.invokers.TestMethodWorker.invokeTestMethods(TestMethodWorker.java:148)
at org.testng.internal.invokers.TestMethodWorker.run(TestMethodWorker.java:128)
at java.base/java.util.ArrayList.forEach(ArrayList.java:1596)
at org.testng.TestRunner.privateRun(TestRunner.java:819)
at org.testng.TestRunner.run(TestRunner.java:619)
at org.testng.SuiteRunner.runTest(SuiteRunner.java:443)
at org.testng.SuiteRunner.runSequentially(SuiteRunner.java:437)
at org.testng.SuiteRunner.privateRun(SuiteRunner.java:397)
at org.testng.SuiteRunner.run(SuiteRunner.java:336)
at org.testng.SuiteRunnerWorker.runSuite(SuiteRunnerWorker.java:52)
at org.testng.SuiteRunnerWorker.run(SuiteRunnerWorker.java:95)
at org.testng.TestNG.runSuitesSequentially(TestNG.java:1301)
at org.testng.TestNG.runSuitesLocally(TestNG.java:1228)
at org.testng.TestNG.runSuites(TestNG.java:1134)
at org.testng.TestNG.run(TestNG.java:1101)
at org.testng.remote.AbstractRemoteTestNG.run(AbstractRemoteTestNG.java:115)
at org.testng.remote.RemoteTestNG.initAndRun(RemoteTestNG.java:251)
at org.testng.remote.RemoteTestNG.main(RemoteTestNG.java:77)
]]>
    </error>
  </testcase> <!-- TC10 -->
  <testcase classname="allPages.InvestorSetup" name="TC11" time="12.953"/>
  <testcase classname="allPages.InvestorSetup" name="TC12" time="11.894"/>
  <testcase classname="allPages.InvestorSetup" name="TC13" time="8.648"/>
  <testcase classname="allPages.InvestorSetup" name="TC14" time="10.557"/>
  <testcase classname="allPages.InvestorSetup" name="TC15" time="9.833"/>
  <testcase classname="allPages.InvestorSetup" name="TC16" time="9.029"/>
  <testcase classname="allPages.InvestorSetup" name="TC17" time="8.374"/>
  <testcase classname="allPages.InvestorSetup" name="TC19" time="9.278"/>
  <testcase classname="allPages.InvestorSetup" name="TC20" time="9.065"/>
  <testcase classname="allPages.InvestorSetup" name="TC21" time="8.873"/>
  <testcase classname="allPages.InvestorSetup" name="TC22" time="8.960"/>
  <testcase classname="allPages.InvestorSetup" name="TC23" time="9.682"/>
  <testcase classname="allPages.InvestorSetup" name="TC24" time="9.531"/>
  <testcase classname="allPages.InvestorSetup" name="TC25" time="10.543"/>
  <testcase classname="allPages.InvestorSetup" name="TC26" time="8.662"/>
  <testcase classname="allPages.InvestorSetup" name="TC27" time="10.098"/>
  <testcase classname="allPages.InvestorSetup" name="TC28" time="9.065"/>
  <testcase classname="allPages.InvestorSetup" name="TC29" time="11.391">
    <skipped/>
  </testcase> <!-- TC29 -->
  <testcase classname="allPages.InvestorSetup" name="TC29" time="10.913">
    <skipped/>
  </testcase> <!-- TC29 -->
  <testcase classname="allPages.InvestorSetup" name="TC29" time="11.364">
    <error message="cannot open system clipboard" type="java.lang.IllegalStateException">
      <![CDATA[java.lang.IllegalStateException: cannot open system clipboard
at java.desktop/sun.awt.windows.WClipboard.openClipboard(Native Method)
at java.desktop/sun.awt.windows.WClipboard.setContentsNative(WClipboard.java:75)
at java.desktop/sun.awt.datatransfer.SunClipboard.setContents(SunClipboard.java:105)
at allPages.InvestorSetup.TC29(InvestorSetup.java:744)
at java.base/jdk.internal.reflect.DirectMethodHandleAccessor.invoke(DirectMethodHandleAccessor.java:103)
at java.base/java.lang.reflect.Method.invoke(Method.java:580)
at org.testng.internal.invokers.MethodInvocationHelper.invokeMethod(MethodInvocationHelper.java:139)
at org.testng.internal.invokers.TestInvoker.invokeMethod(TestInvoker.java:664)
at org.testng.internal.invokers.TestInvoker.retryFailed(TestInvoker.java:249)
at org.testng.internal.invokers.MethodRunner.runInSequence(MethodRunner.java:76)
at org.testng.internal.invokers.TestInvoker$MethodInvocationAgent.invoke(TestInvoker.java:961)
at org.testng.internal.invokers.TestInvoker.invokeTestMethods(TestInvoker.java:201)
at org.testng.internal.invokers.TestMethodWorker.invokeTestMethods(TestMethodWorker.java:148)
at org.testng.internal.invokers.TestMethodWorker.run(TestMethodWorker.java:128)
at java.base/java.util.ArrayList.forEach(ArrayList.java:1596)
at org.testng.TestRunner.privateRun(TestRunner.java:819)
at org.testng.TestRunner.run(TestRunner.java:619)
at org.testng.SuiteRunner.runTest(SuiteRunner.java:443)
at org.testng.SuiteRunner.runSequentially(SuiteRunner.java:437)
at org.testng.SuiteRunner.privateRun(SuiteRunner.java:397)
at org.testng.SuiteRunner.run(SuiteRunner.java:336)
at org.testng.SuiteRunnerWorker.runSuite(SuiteRunnerWorker.java:52)
at org.testng.SuiteRunnerWorker.run(SuiteRunnerWorker.java:95)
at org.testng.TestNG.runSuitesSequentially(TestNG.java:1301)
at org.testng.TestNG.runSuitesLocally(TestNG.java:1228)
at org.testng.TestNG.runSuites(TestNG.java:1134)
at org.testng.TestNG.run(TestNG.java:1101)
at org.testng.remote.AbstractRemoteTestNG.run(AbstractRemoteTestNG.java:115)
at org.testng.remote.RemoteTestNG.initAndRun(RemoteTestNG.java:251)
at org.testng.remote.RemoteTestNG.main(RemoteTestNG.java:77)
]]>
    </error>
  </testcase> <!-- TC29 -->
  <testcase classname="allPages.InvestorSetup" name="TC30" time="11.607"/>
  <testcase classname="allPages.InvestorSetup" name="TC31" time="12.574"/>
  <testcase classname="allPages.InvestorSetup" name="TC32" time="9.173"/>
  <testcase classname="allPages.InvestorSetup" name="TC32" time="10.276">
    <skipped/>
  </testcase> <!-- TC32 -->
  <testcase classname="allPages.InvestorSetup" name="TC33" time="11.518"/>
  <testcase classname="allPages.InvestorSetup" name="TC34" time="9.344"/>
</testsuite> <!-- allPages.InvestorSetup -->
