<?xml version="1.0" encoding="UTF-8"?>
<!-- Generated by org.testng.reporters.JUnitReportReporter -->
<testsuite hostname="SSSLT025" failures="0" tests="1" name="allPages.InstallerSetup" time="18.628" errors="0" timestamp="2024-08-28T15:35:28 IST" skipped="0">
  <testcase classname="allPages.InstallerSetup" name="TC14" time="18.628"/>
</testsuite> <!-- allPages.InstallerSetup -->
