<?xml version="1.0" encoding="UTF-8"?>
<!-- Generated by org.testng.reporters.JUnitReportReporter -->
<testsuite hostname="SSSLT025" failures="0" tests="14" name="allPages.CustomerACHUpload" time="200.617" errors="0" timestamp="2024-08-23T14:22:50 IST" skipped="3">
  <testcase classname="allPages.CustomerACHUpload" name="ACHUploadClick" time="13.802"/>
  <testcase classname="allPages.CustomerACHUpload" name="TC01" time="10.043"/>
  <testcase classname="allPages.CustomerACHUpload" name="TC02" time="47.832"/>
  <testcase classname="allPages.CustomerACHUpload" name="TC03" time="14.686"/>
  <testcase classname="allPages.CustomerACHUpload" name="TC04" time="7.590"/>
  <testcase classname="allPages.CustomerACHUpload" name="TC05" time="10.257"/>
  <testcase classname="allPages.CustomerACHUpload" name="TC06" time="13.896"/>
  <testcase classname="allPages.CustomerACHUpload" name="TC07" time="10.791"/>
  <testcase classname="allPages.CustomerACHUpload" name="TC08" time="12.627"/>
  <testcase classname="allPages.CustomerACHUpload" name="TC08" time="9.304">
    <skipped/>
  </testcase> <!-- TC08 -->
  <testcase classname="allPages.CustomerACHUpload" name="TC08" time="9.237">
    <skipped/>
  </testcase> <!-- TC08 -->
  <testcase classname="allPages.CustomerACHUpload" name="TC08" time="11.813">
    <skipped/>
  </testcase> <!-- TC08 -->
  <testcase classname="allPages.CustomerACHUpload" name="TC09" time="9.224"/>
  <testcase classname="allPages.CustomerACHUpload" name="TC10" time="19.515"/>
</testsuite> <!-- allPages.CustomerACHUpload -->
