<?xml version="1.0" encoding="UTF-8"?>
<!-- Generated by org.testng.reporters.JUnitReportReporter -->
<testsuite hostname="SSSLT025" failures="0" tests="1" name="allPages.InvoicePayAndCreate" time="11.716" errors="0" timestamp="2024-09-05T17:26:15 IST" skipped="0">
  <testcase classname="allPages.InvoicePayAndCreate" name="TC35" time="11.716"/>
</testsuite> <!-- allPages.InvoicePayAndCreate -->
