<?xml version="1.0" encoding="UTF-8"?>
<!-- Generated by org.testng.reporters.JUnitReportReporter -->
<testsuite hostname="SSSLT025" failures="0" tests="1" name="allPages.CustomerGroup" time="14.010" errors="0" timestamp="2024-08-23T15:34:26 IST" skipped="0">
  <testcase classname="allPages.CustomerGroup" name="TC06" time="14.010"/>
</testsuite> <!-- allPages.CustomerGroup -->
