<?xml version="1.0" encoding="UTF-8"?>
<!-- Generated by org.testng.reporters.JUnitReportReporter -->
<testsuite hostname="SSSLT025" failures="0" tests="1" name="allPages.BankSetup" time="16.131" errors="0" timestamp="2024-08-21T16:57:56 IST" skipped="0">
  <testcase classname="allPages.BankSetup" name="BankSetupClick" time="16.131"/>
</testsuite> <!-- allPages.BankSetup -->
