<?xml version="1.0" encoding="UTF-8"?>
<!-- Generated by org.testng.reporters.JUnitReportReporter -->
<testsuite hostname="SSSLT025" failures="0" tests="16" name="allPages.Tickets" time="218.025" errors="0" timestamp="2024-09-04T13:42:17 IST" skipped="0">
  <testcase classname="allPages.Tickets" name="TicketsClick" time="8.696"/>
  <testcase classname="allPages.Tickets" name="TC01" time="8.722"/>
  <testcase classname="allPages.Tickets" name="TC02" time="7.637"/>
  <testcase classname="allPages.Tickets" name="TC03" time="16.770"/>
  <testcase classname="allPages.Tickets" name="TC04" time="16.765"/>
  <testcase classname="allPages.Tickets" name="TC05" time="15.404"/>
  <testcase classname="allPages.Tickets" name="TC06" time="15.159"/>
  <testcase classname="allPages.Tickets" name="TC07" time="13.939"/>
  <testcase classname="allPages.Tickets" name="TC08" time="18.770"/>
  <testcase classname="allPages.Tickets" name="TC09" time="15.087"/>
  <testcase classname="allPages.Tickets" name="TC10" time="14.516"/>
  <testcase classname="allPages.Tickets" name="TC11" time="12.447"/>
  <testcase classname="allPages.Tickets" name="TC12" time="13.991"/>
  <testcase classname="allPages.Tickets" name="TC13" time="16.817"/>
  <testcase classname="allPages.Tickets" name="TC14" time="11.632"/>
  <testcase classname="allPages.Tickets" name="TC15" time="11.673"/>
</testsuite> <!-- allPages.Tickets -->
