<?xml version="1.0" encoding="UTF-8"?>
<!-- Generated by org.testng.reporters.JUnitReportReporter -->
<testsuite hostname="SSSLT025" failures="0" tests="1" name="allPages.CustomerList" time="24.773" errors="0" timestamp="2024-09-05T14:55:09 IST" skipped="0">
  <testcase classname="allPages.CustomerList" name="TC71" time="24.773"/>
</testsuite> <!-- allPages.CustomerList -->
