<?xml version="1.0" encoding="UTF-8"?>
<!-- Generated by org.testng.reporters.JUnitReportReporter -->
<testsuite hostname="SSSLT025" failures="0" tests="61" name="allPages.Admin" time="1119.419" errors="0" timestamp="2024-09-05T13:04:37 IST" skipped="1">
  <testcase classname="allPages.Admin" name="ExceptionLog" time="15.376"/>
  <testcase classname="allPages.Admin" name="UserLog" time="12.599"/>
  <testcase classname="allPages.Admin" name="EventLog" time="15.627"/>
  <testcase classname="allPages.Admin" name="AuthorizedNetClick" time="16.302"/>
  <testcase classname="allPages.Admin" name="Help" time="13.519"/>
  <testcase classname="allPages.Admin" name="Subscription" time="12.468"/>
  <testcase classname="allPages.Admin" name="BankSetupClick" time="15.051"/>
  <testcase classname="allPages.Admin" name="IPWhitelist" time="23.286"/>
  <testcase classname="allPages.Admin" name="TC01" time="22.407"/>
  <testcase classname="allPages.Admin" name="TC02" time="18.231"/>
  <testcase classname="allPages.Admin" name="TC03" time="20.928"/>
  <testcase classname="allPages.Admin" name="TC04" time="19.965"/>
  <testcase classname="allPages.Admin" name="TC05" time="20.043"/>
  <testcase classname="allPages.Admin" name="TC06" time="25.189"/>
  <testcase classname="allPages.Admin" name="TC07" time="20.790"/>
  <testcase classname="allPages.Admin" name="TC08" time="29.437"/>
  <testcase classname="allPages.Admin" name="TC09" time="21.389"/>
  <testcase classname="allPages.Admin" name="TC10" time="18.866"/>
  <testcase classname="allPages.Admin" name="TC11" time="24.154"/>
  <testcase classname="allPages.Admin" name="TC12" time="25.871"/>
  <testcase classname="allPages.Admin" name="TC13" time="21.666"/>
  <testcase classname="allPages.Admin" name="TC14" time="18.451"/>
  <testcase classname="allPages.Admin" name="TC15" time="17.670"/>
  <testcase classname="allPages.Admin" name="TC16" time="18.733"/>
  <testcase classname="allPages.Admin" name="TC17" time="16.674"/>
  <testcase classname="allPages.Admin" name="TC18" time="18.699"/>
  <testcase classname="allPages.Admin" name="TC19" time="16.119"/>
  <testcase classname="allPages.Admin" name="TC20" time="18.674"/>
  <testcase classname="allPages.Admin" name="TC21" time="16.889"/>
  <testcase classname="allPages.Admin" name="TC22" time="17.180"/>
  <testcase classname="allPages.Admin" name="TC23" time="21.955"/>
  <testcase classname="allPages.Admin" name="TC24" time="22.268"/>
  <testcase classname="allPages.Admin" name="TC25" time="14.899"/>
  <testcase classname="allPages.Admin" name="TC26" time="21.305"/>
  <testcase classname="allPages.Admin" name="TC27" time="13.653"/>
  <testcase classname="allPages.Admin" name="TC28" time="15.577"/>
  <testcase classname="allPages.Admin" name="TC29" time="18.007"/>
  <testcase classname="allPages.Admin" name="TC30" time="12.774"/>
  <testcase classname="allPages.Admin" name="TC31" time="32.585"/>
  <testcase classname="allPages.Admin" name="TC32" time="34.350"/>
  <testcase classname="allPages.Admin" name="TC33" time="11.770"/>
  <testcase classname="allPages.Admin" name="TC35" time="20.443"/>
  <testcase classname="allPages.Admin" name="TC34" time="15.029"/>
  <testcase classname="allPages.Admin" name="TC35" time="12.473">
    <skipped/>
  </testcase> <!-- TC35 -->
  <testcase classname="allPages.Admin" name="TC36" time="16.505"/>
  <testcase classname="allPages.Admin" name="TC37" time="15.106"/>
  <testcase classname="allPages.Admin" name="TC38" time="18.153"/>
  <testcase classname="allPages.Admin" name="TC39" time="13.919"/>
  <testcase classname="allPages.Admin" name="TC40" time="16.512"/>
  <testcase classname="allPages.Admin" name="TC41" time="16.208"/>
  <testcase classname="allPages.Admin" name="TC42" time="19.260"/>
  <testcase classname="allPages.Admin" name="TC43" time="17.230"/>
  <testcase classname="allPages.Admin" name="TC44" time="16.160"/>
  <testcase classname="allPages.Admin" name="TC45" time="18.265"/>
  <testcase classname="allPages.Admin" name="TC46" time="16.117"/>
  <testcase classname="allPages.Admin" name="TC47" time="17.579"/>
  <testcase classname="allPages.Admin" name="TC48" time="12.464"/>
  <testcase classname="allPages.Admin" name="TC49" time="15.629"/>
  <testcase classname="allPages.Admin" name="TC50" time="17.157"/>
  <testcase classname="allPages.Admin" name="TC51" time="17.156"/>
  <testcase classname="allPages.Admin" name="TC52" time="16.658"/>
</testsuite> <!-- allPages.Admin -->
