<?xml version="1.0" encoding="UTF-8"?>
<!-- Generated by org.testng.reporters.JUnitReportReporter -->
<testsuite hostname="SSSLT025" failures="0" tests="7" name="allPages.CheckPayments" time="159.313" errors="0" timestamp="2024-08-23T12:31:09 IST" skipped="1">
  <testcase classname="allPages.CheckPayments" name="CheckPaymentsClick" time="11.509"/>
  <testcase classname="allPages.CheckPayments" name="TC01" time="8.393"/>
  <testcase classname="allPages.CheckPayments" name="TC01" time="67.440">
    <skipped/>
  </testcase> <!-- TC01 -->
  <testcase classname="allPages.CheckPayments" name="TC02" time="13.284"/>
  <testcase classname="allPages.CheckPayments" name="TC03" time="19.015"/>
  <testcase classname="allPages.CheckPayments" name="TC04" time="13.945"/>
  <testcase classname="allPages.CheckPayments" name="TC05" time="25.727"/>
</testsuite> <!-- allPages.CheckPayments -->
