<?xml version="1.0" encoding="UTF-8"?>
<!-- Generated by org.testng.reporters.JUnitReportReporter -->
<testsuite hostname="SSSLT025" failures="0" tests="1" name="allPages.ViewUser" time="23.970" errors="0" timestamp="2024-09-05T17:34:44 IST" skipped="0">
  <testcase classname="allPages.ViewUser" name="TC08" time="23.970"/>
</testsuite> <!-- allPages.ViewUser -->
