<?xml version="1.0" encoding="UTF-8"?>
<!-- Generated by org.testng.reporters.JUnitReportReporter -->
<testsuite hostname="SSSLT025" failures="0" tests="1" name="allPages.CustomerACHUpload" time="15.605" errors="0" timestamp="2024-09-09T17:28:43 IST" skipped="0">
  <testcase classname="allPages.CustomerACHUpload" name="TC10" time="15.605"/>
</testsuite> <!-- allPages.CustomerACHUpload -->
