<?xml version="1.0" encoding="UTF-8"?>
<!-- Generated by org.testng.reporters.JUnitReportReporter -->
<testsuite hostname="SSSLT025" failures="0" tests="23" name="allPages.Schedulers" time="426.902" errors="0" timestamp="2024-09-09T14:51:36 IST" skipped="3">
  <testcase classname="allPages.Schedulers" name="NoPaymentBtn" time="8.747"/>
  <testcase classname="allPages.Schedulers" name="ACHSchedulerBtn" time="9.252"/>
  <testcase classname="allPages.Schedulers" name="TC01" time="12.014"/>
  <testcase classname="allPages.Schedulers" name="TC02" time="17.003"/>
  <testcase classname="allPages.Schedulers" name="TC02" time="69.788">
    <skipped/>
  </testcase> <!-- TC02 -->
  <testcase classname="allPages.Schedulers" name="TC03" time="17.730">
    <skipped/>
  </testcase> <!-- TC03 -->
  <testcase classname="allPages.Schedulers" name="TC03" time="16.910"/>
  <testcase classname="allPages.Schedulers" name="TC04" time="17.320"/>
  <testcase classname="allPages.Schedulers" name="TC05" time="16.000"/>
  <testcase classname="allPages.Schedulers" name="TC06" time="14.893"/>
  <testcase classname="allPages.Schedulers" name="TC07" time="70.341">
    <skipped/>
  </testcase> <!-- TC07 -->
  <testcase classname="allPages.Schedulers" name="TC07" time="12.903"/>
  <testcase classname="allPages.Schedulers" name="TC08" time="12.899"/>
  <testcase classname="allPages.Schedulers" name="TC09" time="10.881"/>
  <testcase classname="allPages.Schedulers" name="TC10" time="13.140"/>
  <testcase classname="allPages.Schedulers" name="TC11" time="12.009"/>
  <testcase classname="allPages.Schedulers" name="TC12" time="11.566"/>
  <testcase classname="allPages.Schedulers" name="TC13" time="15.101"/>
  <testcase classname="allPages.Schedulers" name="TC14" time="15.068"/>
  <testcase classname="allPages.Schedulers" name="TC15" time="12.935"/>
  <testcase classname="allPages.Schedulers" name="TC16" time="15.094"/>
  <testcase classname="allPages.Schedulers" name="TC17" time="11.695"/>
  <testcase classname="allPages.Schedulers" name="TC18" time="13.613"/>
</testsuite> <!-- allPages.Schedulers -->
