<?xml version="1.0" encoding="UTF-8"?>
<!-- Generated by org.testng.reporters.JUnitReportReporter -->
<testsuite hostname="SSSLT025" failures="0" tests="2" name="allPages.AllReportModules" time="76.584" errors="0" timestamp="2024-09-06T13:05:17 IST" skipped="1">
  <testcase classname="allPages.AllReportModules" name="OSReportBtn" time="9.341"/>
  <testcase classname="allPages.AllReportModules" name="OSReportBtn" time="67.243">
    <skipped/>
  </testcase> <!-- OSReportBtn -->
</testsuite> <!-- allPages.AllReportModules -->
