<?xml version="1.0" encoding="UTF-8"?>
<!-- Generated by org.testng.reporters.JUnitReportReporter -->
<testsuite hostname="SSSLT025" failures="0" tests="20" name="allPages.Schedulers" time="302.205" errors="0" timestamp="2024-09-04T13:11:39 IST" skipped="0">
  <testcase classname="allPages.Schedulers" name="NoPaymentBtn" time="11.378"/>
  <testcase classname="allPages.Schedulers" name="ACHSchedulerBtn" time="10.881"/>
  <testcase classname="allPages.Schedulers" name="TC01" time="13.890"/>
  <testcase classname="allPages.Schedulers" name="TC02" time="17.454"/>
  <testcase classname="allPages.Schedulers" name="TC03" time="18.000"/>
  <testcase classname="allPages.Schedulers" name="TC04" time="18.495"/>
  <testcase classname="allPages.Schedulers" name="TC05" time="18.038"/>
  <testcase classname="allPages.Schedulers" name="TC06" time="16.063"/>
  <testcase classname="allPages.Schedulers" name="TC08" time="15.828"/>
  <testcase classname="allPages.Schedulers" name="TC07" time="16.844"/>
  <testcase classname="allPages.Schedulers" name="TC09" time="11.093"/>
  <testcase classname="allPages.Schedulers" name="TC10" time="13.433"/>
  <testcase classname="allPages.Schedulers" name="TC11" time="12.566"/>
  <testcase classname="allPages.Schedulers" name="TC12" time="12.484"/>
  <testcase classname="allPages.Schedulers" name="TC13" time="17.746"/>
  <testcase classname="allPages.Schedulers" name="TC14" time="17.904"/>
  <testcase classname="allPages.Schedulers" name="TC15" time="15.127"/>
  <testcase classname="allPages.Schedulers" name="TC16" time="17.491"/>
  <testcase classname="allPages.Schedulers" name="TC17" time="12.439"/>
  <testcase classname="allPages.Schedulers" name="TC18" time="15.051"/>
</testsuite> <!-- allPages.Schedulers -->
