<?xml version="1.0" encoding="UTF-8"?>
<!-- Generated by org.testng.reporters.JUnitReportReporter -->
<testsuite hostname="SSSLT025" failures="0" tests="61" name="allPages.Admin" time="858.628" errors="0" timestamp="2024-08-22T12:32:38 IST" skipped="1">
  <testcase classname="allPages.Admin" name="UserLog" time="8.300"/>
  <testcase classname="allPages.Admin" name="Subscription" time="8.496"/>
  <testcase classname="allPages.Admin" name="Help" time="10.130"/>
  <testcase classname="allPages.Admin" name="BankSetupClick" time="11.151"/>
  <testcase classname="allPages.Admin" name="IPWhitelist" time="11.635"/>
  <testcase classname="allPages.Admin" name="ExceptionLog" time="11.902"/>
  <testcase classname="allPages.Admin" name="AuthorizedNetClick" time="9.219"/>
  <testcase classname="allPages.Admin" name="EventLog" time="10.651"/>
  <testcase classname="allPages.Admin" name="TC01" time="16.729"/>
  <testcase classname="allPages.Admin" name="TC02" time="15.715"/>
  <testcase classname="allPages.Admin" name="TC03" time="16.804"/>
  <testcase classname="allPages.Admin" name="TC04" time="15.120"/>
  <testcase classname="allPages.Admin" name="TC05" time="16.896"/>
  <testcase classname="allPages.Admin" name="TC06" time="19.117"/>
  <testcase classname="allPages.Admin" name="TC07" time="19.010"/>
  <testcase classname="allPages.Admin" name="TC08" time="21.272"/>
  <testcase classname="allPages.Admin" name="TC09" time="15.248"/>
  <testcase classname="allPages.Admin" name="TC10" time="17.460"/>
  <testcase classname="allPages.Admin" name="TC11" time="21.610"/>
  <testcase classname="allPages.Admin" name="TC12" time="22.065"/>
  <testcase classname="allPages.Admin" name="TC13" time="20.485"/>
  <testcase classname="allPages.Admin" name="TC14" time="15.634"/>
  <testcase classname="allPages.Admin" name="TC15" time="71.639">
    <skipped/>
  </testcase> <!-- TC15 -->
  <testcase classname="allPages.Admin" name="TC15" time="11.187"/>
  <testcase classname="allPages.Admin" name="TC16" time="13.586"/>
  <testcase classname="allPages.Admin" name="TC17" time="13.707"/>
  <testcase classname="allPages.Admin" name="TC18" time="12.289"/>
  <testcase classname="allPages.Admin" name="TC19" time="12.586"/>
  <testcase classname="allPages.Admin" name="TC20" time="12.600"/>
  <testcase classname="allPages.Admin" name="TC21" time="14.558"/>
  <testcase classname="allPages.Admin" name="TC22" time="15.546"/>
  <testcase classname="allPages.Admin" name="TC23" time="15.629"/>
  <testcase classname="allPages.Admin" name="TC24" time="16.080"/>
  <testcase classname="allPages.Admin" name="TC25" time="10.344"/>
  <testcase classname="allPages.Admin" name="TC26" time="17.158"/>
  <testcase classname="allPages.Admin" name="TC27" time="10.221"/>
  <testcase classname="allPages.Admin" name="TC28" time="10.521"/>
  <testcase classname="allPages.Admin" name="TC29" time="14.580"/>
  <testcase classname="allPages.Admin" name="TC30" time="9.544"/>
  <testcase classname="allPages.Admin" name="TC31" time="9.944"/>
  <testcase classname="allPages.Admin" name="TC32" time="9.332"/>
  <testcase classname="allPages.Admin" name="TC33" time="8.672"/>
  <testcase classname="allPages.Admin" name="TC34" time="9.326"/>
  <testcase classname="allPages.Admin" name="TC35" time="11.984"/>
  <testcase classname="allPages.Admin" name="TC36" time="11.573"/>
  <testcase classname="allPages.Admin" name="TC37" time="13.965"/>
  <testcase classname="allPages.Admin" name="TC38" time="11.880"/>
  <testcase classname="allPages.Admin" name="TC39" time="12.992"/>
  <testcase classname="allPages.Admin" name="TC40" time="13.543"/>
  <testcase classname="allPages.Admin" name="TC41" time="9.962"/>
  <testcase classname="allPages.Admin" name="TC42" time="14.178"/>
  <testcase classname="allPages.Admin" name="TC43" time="10.270"/>
  <testcase classname="allPages.Admin" name="TC44" time="11.092"/>
  <testcase classname="allPages.Admin" name="TC45" time="10.027"/>
  <testcase classname="allPages.Admin" name="TC46" time="11.538"/>
  <testcase classname="allPages.Admin" name="TC47" time="11.268"/>
  <testcase classname="allPages.Admin" name="TC48" time="12.779"/>
  <testcase classname="allPages.Admin" name="TC49" time="8.482"/>
  <testcase classname="allPages.Admin" name="TC50" time="9.679"/>
  <testcase classname="allPages.Admin" name="TC51" time="11.314"/>
  <testcase classname="allPages.Admin" name="TC52" time="8.404"/>
</testsuite> <!-- allPages.Admin -->
