<?xml version="1.0" encoding="UTF-8"?>
<!-- Generated by org.testng.reporters.JUnitReportReporter -->
<testsuite hostname="SSSLT025" failures="0" tests="1" name="allPages.InvestorSetup" time="12.920" errors="0" timestamp="2024-08-30T14:11:35 IST" skipped="0">
  <testcase classname="allPages.InvestorSetup" name="TC29" time="12.920"/>
</testsuite> <!-- allPages.InvestorSetup -->
