<?xml version="1.0" encoding="UTF-8"?>
<!-- Generated by org.testng.reporters.JUnitReportReporter -->
<testsuite hostname="SSSLT025" failures="0" tests="1" name="allPages.AllReportModules" time="12.436" errors="0" timestamp="2024-09-05T17:12:19 IST" skipped="0">
  <testcase classname="allPages.AllReportModules" name="TC26" time="12.436"/>
</testsuite> <!-- allPages.AllReportModules -->
