<?xml version="1.0" encoding="UTF-8"?>
<!-- Generated by org.testng.reporters.JUnitReportReporter -->
<testsuite hostname="SSSLT025" failures="0" tests="1" name="allPages.InvestorSetup" time="20.974" errors="0" timestamp="2024-09-09T18:16:07 IST" skipped="0">
  <testcase classname="allPages.InvestorSetup" name="TC10" time="20.974"/>
</testsuite> <!-- allPages.InvestorSetup -->
