<?xml version="1.0" encoding="UTF-8"?>
<!-- Generated by org.testng.reporters.JUnitReportReporter -->
<testsuite hostname="SSSLT025" failures="0" tests="1" name="allPages.CheckPayments" time="24.056" errors="0" timestamp="2024-09-05T17:18:01 IST" skipped="0">
  <testcase classname="allPages.CheckPayments" name="TC05" time="24.056"/>
</testsuite> <!-- allPages.CheckPayments -->
