<?xml version="1.0" encoding="UTF-8"?>
<!-- Generated by org.testng.reporters.JUnitReportReporter -->
<testsuite hostname="SSSLT025" failures="0" tests="1" name="allPages.InstallerSetup" time="15.894" errors="0" timestamp="2024-09-09T18:14:25 IST" skipped="0">
  <testcase classname="allPages.InstallerSetup" name="TC31" time="15.894"/>
</testsuite> <!-- allPages.InstallerSetup -->
