<?xml version="1.0" encoding="UTF-8"?>
<!-- Generated by org.testng.reporters.JUnitReportReporter -->
<testsuite hostname="SSSLT025" failures="0" tests="1" name="allPages.CheckPayments" time="38.567" errors="0" timestamp="2024-09-09T17:22:17 IST" skipped="0">
  <testcase classname="allPages.CheckPayments" name="TC05" time="38.567"/>
</testsuite> <!-- allPages.CheckPayments -->
