<?xml version="1.0" encoding="UTF-8"?>
<!-- Generated by org.testng.reporters.JUnitReportReporter -->
<testsuite hostname="SSSLT025" failures="0" tests="1" name="allPages.CustomerList" time="35.225" errors="0" timestamp="2024-09-09T17:48:31 IST" skipped="0">
  <testcase classname="allPages.CustomerList" name="TC54" time="35.225"/>
</testsuite> <!-- allPages.CustomerList -->
