<?xml version="1.0" encoding="UTF-8"?>
<!-- Generated by org.testng.reporters.JUnitReportReporter -->
<testsuite hostname="SSSLT025" failures="0" tests="1" name="allPages.AllReportModules" time="30.262" errors="0" timestamp="2024-09-09T17:19:27 IST" skipped="0">
  <testcase classname="allPages.AllReportModules" name="TC42" time="30.262"/>
</testsuite> <!-- allPages.AllReportModules -->
