<?xml version="1.0" encoding="UTF-8"?>
<!-- Generated by org.testng.reporters.JUnitReportReporter -->
<testsuite hostname="SSSLT025" failures="0" tests="1" name="allPages.CustomerGroup" time="11.305" errors="0" timestamp="2024-09-09T17:41:20 IST" skipped="0">
  <testcase classname="allPages.CustomerGroup" name="TC03" time="11.305"/>
</testsuite> <!-- allPages.CustomerGroup -->
