<?xml version="1.0" encoding="UTF-8"?>
<!-- Generated by org.testng.reporters.JUnitReportReporter -->
<testsuite hostname="SSSLT025" failures="0" tests="1" name="allPages.Schedulers" time="14.587" errors="0" timestamp="2024-09-05T17:27:12 IST" skipped="0">
  <testcase classname="allPages.Schedulers" name="TC07" time="14.587"/>
</testsuite> <!-- allPages.Schedulers -->
