<?xml version="1.0" encoding="UTF-8"?>
<!-- Generated by org.testng.reporters.JUnitReportReporter -->
<testsuite hostname="SSSLT025" failures="0" tests="67" name="allPages.Admin" time="1166.050" errors="2" timestamp="2024-09-06T20:34:38 IST" skipped="7">
  <testcase classname="allPages.Admin" name="Subscription" time="13.025"/>
  <testcase classname="allPages.Admin" name="Help" time="13.104"/>
  <testcase classname="allPages.Admin" name="BankSetupClick" time="12.149"/>
  <testcase classname="allPages.Admin" name="AuthorizedNetClick" time="12.498"/>
  <testcase classname="allPages.Admin" name="UserLog" time="10.201"/>
  <testcase classname="allPages.Admin" name="Help" time="71.372">
    <skipped/>
  </testcase> <!-- Help -->
  <testcase classname="allPages.Admin" name="ExceptionLog" time="11.656"/>
  <testcase classname="allPages.Admin" name="EventLog" time="13.296"/>
  <testcase classname="allPages.Admin" name="Subscription" time="71.348">
    <skipped/>
  </testcase> <!-- Subscription -->
  <testcase classname="allPages.Admin" name="Subscription" time="69.723">
    <skipped/>
  </testcase> <!-- Subscription -->
  <testcase classname="allPages.Admin" name="IPWhitelist" time="9.683"/>
  <testcase classname="allPages.Admin" name="TC01" time="18.191"/>
  <testcase classname="allPages.Admin" name="TC02" time="17.050"/>
  <testcase classname="allPages.Admin" name="TC03" time="15.481"/>
  <testcase classname="allPages.Admin" name="TC04" time="19.705"/>
  <testcase classname="allPages.Admin" name="TC05" time="18.725"/>
  <testcase classname="allPages.Admin" name="TC06" time="21.488"/>
  <testcase classname="allPages.Admin" name="TC07" time="23.777"/>
  <testcase classname="allPages.Admin" name="TC08" time="22.190"/>
  <testcase classname="allPages.Admin" name="TC09" time="19.809"/>
  <testcase classname="allPages.Admin" name="TC10" time="16.954"/>
  <testcase classname="allPages.Admin" name="TC11" time="20.713"/>
  <testcase classname="allPages.Admin" name="TC12" time="20.720"/>
  <testcase classname="allPages.Admin" name="TC13" time="19.471"/>
  <testcase classname="allPages.Admin" name="TC14" time="16.194"/>
  <testcase classname="allPages.Admin" name="TC15" time="16.654"/>
  <testcase classname="allPages.Admin" name="TC16" time="19.567"/>
  <testcase classname="allPages.Admin" name="TC17" time="15.956"/>
  <testcase classname="allPages.Admin" name="TC18" time="14.340"/>
  <testcase classname="allPages.Admin" name="TC19" time="17.623"/>
  <testcase classname="allPages.Admin" name="TC20" time="14.005"/>
  <testcase classname="allPages.Admin" name="TC21" time="12.929"/>
  <testcase classname="allPages.Admin" name="TC22" time="17.274"/>
  <testcase classname="allPages.Admin" name="TC23" time="17.888"/>
  <testcase classname="allPages.Admin" name="TC24" time="18.224"/>
  <testcase classname="allPages.Admin" name="TC25" time="16.736">
    <skipped/>
  </testcase> <!-- TC25 -->
  <testcase classname="allPages.Admin" name="TC25" time="14.547">
    <skipped/>
  </testcase> <!-- TC25 -->
  <testcase classname="allPages.Admin" name="TC25" time="15.788">
    <error message="element click intercepted: Element &lt;span role=&quot;img&quot; aria-label=&quot;close&quot; class=&quot;anticon anticon-close ant-modal-close-icon&quot;&gt;...&lt;/span&gt; is not clickable at point (1517, 68). Other element would receive the click: &lt;div tabindex=&quot;-1&quot; class=&quot;ant-modal-wrap&quot;&gt;...&lt;/div&gt;
  (Session info: chrome=128.0.6613.120)
Build info: version: &#039;4.18.1&#039;, revision: &#039;b1d3319b48&#039;
System info: os.name: &#039;Windows 11&#039;, os.arch: &#039;amd64&#039;, os.version: &#039;10.0&#039;, java.version: &#039;21.0.2&#039;
Driver info: org.openqa.selenium.chrome.ChromeDriver
Command: [779ac8c39ef4baa4ce7c5f51daa4b36e, clickElement {id=f.139A03FA64EF8C456B9C5C27E77F3145.d.E0C404C90317BA79BFB2FEF593172517.e.96}]
Capabilities {acceptInsecureCerts: false, browserName: chrome, browserVersion: 128.0.6613.120, chrome: {chromedriverVersion: 128.0.6613.119 (6e439cfca4d..., userDataDir: C:\Users\THIRUM~1\AppData\L...}, fedcm:accounts: true, goog:chromeOptions: {debuggerAddress: localhost:63191}, networkConnectionEnabled: false, pageLoadStrategy: normal, platformName: windows, proxy: Proxy(), se:cdp: ws://localhost:63191/devtoo..., se:cdpVersion: 128.0.6613.120, setWindowRect: true, strictFileInteractability: false, timeouts: {implicit: 0, pageLoad: 300000, script: 30000}, unhandledPromptBehavior: dismiss and notify, webauthn:extension:credBlob: true, webauthn:extension:largeBlob: true, webauthn:extension:minPinLength: true, webauthn:extension:prf: true, webauthn:virtualAuthenticators: true}
Element: [[ChromeDriver: chrome on windows (779ac8c39ef4baa4ce7c5f51daa4b36e)] -&gt; xpath: //*[@id=&quot;kt_body&quot;]/div[3]/div/div[2]/div/div[2]/div/button/span/span]
Session ID: 779ac8c39ef4baa4ce7c5f51daa4b36e" type="org.openqa.selenium.ElementClickInterceptedException">
      <![CDATA[org.openqa.selenium.ElementClickInterceptedException: element click intercepted: Element <span role="img" aria-label="close" class="anticon anticon-close ant-modal-close-icon">...</span> is not clickable at point (1517, 68). Other element would receive the click: <div tabindex="-1" class="ant-modal-wrap">...</div>
  (Session info: chrome=128.0.6613.120)
Build info: version: '4.18.1', revision: 'b1d3319b48'
System info: os.name: 'Windows 11', os.arch: 'amd64', os.version: '10.0', java.version: '21.0.2'
Driver info: org.openqa.selenium.chrome.ChromeDriver
Command: [779ac8c39ef4baa4ce7c5f51daa4b36e, clickElement {id=f.139A03FA64EF8C456B9C5C27E77F3145.d.E0C404C90317BA79BFB2FEF593172517.e.96}]
Capabilities {acceptInsecureCerts: false, browserName: chrome, browserVersion: 128.0.6613.120, chrome: {chromedriverVersion: 128.0.6613.119 (6e439cfca4d..., userDataDir: C:\Users\THIRUM~1\AppData\L...}, fedcm:accounts: true, goog:chromeOptions: {debuggerAddress: localhost:63191}, networkConnectionEnabled: false, pageLoadStrategy: normal, platformName: windows, proxy: Proxy(), se:cdp: ws://localhost:63191/devtoo..., se:cdpVersion: 128.0.6613.120, setWindowRect: true, strictFileInteractability: false, timeouts: {implicit: 0, pageLoad: 300000, script: 30000}, unhandledPromptBehavior: dismiss and notify, webauthn:extension:credBlob: true, webauthn:extension:largeBlob: true, webauthn:extension:minPinLength: true, webauthn:extension:prf: true, webauthn:virtualAuthenticators: true}
Element: [[ChromeDriver: chrome on windows (779ac8c39ef4baa4ce7c5f51daa4b36e)] -> xpath: //*[@id="kt_body"]/div[3]/div/div[2]/div/div[2]/div/button/span/span]
Session ID: 779ac8c39ef4baa4ce7c5f51daa4b36e
at java.base/jdk.internal.reflect.DirectConstructorHandleAccessor.newInstance(DirectConstructorHandleAccessor.java:62)
at java.base/java.lang.reflect.Constructor.newInstanceWithCaller(Constructor.java:502)
at java.base/java.lang.reflect.Constructor.newInstance(Constructor.java:486)
at org.openqa.selenium.remote.ErrorCodec.decode(ErrorCodec.java:167)
at org.openqa.selenium.remote.codec.w3c.W3CHttpResponseCodec.decode(W3CHttpResponseCodec.java:138)
at org.openqa.selenium.remote.codec.w3c.W3CHttpResponseCodec.decode(W3CHttpResponseCodec.java:50)
at org.openqa.selenium.remote.HttpCommandExecutor.execute(HttpCommandExecutor.java:190)
at org.openqa.selenium.remote.service.DriverCommandExecutor.invokeExecute(DriverCommandExecutor.java:216)
at org.openqa.selenium.remote.service.DriverCommandExecutor.execute(DriverCommandExecutor.java:174)
at org.openqa.selenium.remote.RemoteWebDriver.execute(RemoteWebDriver.java:519)
at org.openqa.selenium.remote.RemoteWebElement.execute(RemoteWebElement.java:223)
at org.openqa.selenium.remote.RemoteWebElement.click(RemoteWebElement.java:76)
at allPages.Admin.TC25(Admin.java:635)
at java.base/jdk.internal.reflect.DirectMethodHandleAccessor.invoke(DirectMethodHandleAccessor.java:103)
at java.base/java.lang.reflect.Method.invoke(Method.java:580)
at org.testng.internal.invokers.MethodInvocationHelper.invokeMethod(MethodInvocationHelper.java:139)
at org.testng.internal.invokers.TestInvoker.invokeMethod(TestInvoker.java:664)
at org.testng.internal.invokers.TestInvoker.retryFailed(TestInvoker.java:249)
at org.testng.internal.invokers.MethodRunner.runInSequence(MethodRunner.java:76)
at org.testng.internal.invokers.TestInvoker$MethodInvocationAgent.invoke(TestInvoker.java:961)
at org.testng.internal.invokers.TestInvoker.invokeTestMethods(TestInvoker.java:201)
at org.testng.internal.invokers.TestMethodWorker.invokeTestMethods(TestMethodWorker.java:148)
at org.testng.internal.invokers.TestMethodWorker.run(TestMethodWorker.java:128)
at java.base/java.util.ArrayList.forEach(ArrayList.java:1596)
at org.testng.TestRunner.privateRun(TestRunner.java:819)
at org.testng.TestRunner.run(TestRunner.java:619)
at org.testng.SuiteRunner.runTest(SuiteRunner.java:443)
at org.testng.SuiteRunner.runSequentially(SuiteRunner.java:437)
at org.testng.SuiteRunner.privateRun(SuiteRunner.java:397)
at org.testng.SuiteRunner.run(SuiteRunner.java:336)
at org.testng.SuiteRunnerWorker.runSuite(SuiteRunnerWorker.java:52)
at org.testng.SuiteRunnerWorker.run(SuiteRunnerWorker.java:95)
at org.testng.TestNG.runSuitesSequentially(TestNG.java:1301)
at org.testng.TestNG.runSuitesLocally(TestNG.java:1228)
at org.testng.TestNG.runSuites(TestNG.java:1134)
at org.testng.TestNG.run(TestNG.java:1101)
at org.testng.remote.AbstractRemoteTestNG.run(AbstractRemoteTestNG.java:115)
at org.testng.remote.RemoteTestNG.initAndRun(RemoteTestNG.java:251)
at org.testng.remote.RemoteTestNG.main(RemoteTestNG.java:77)
]]>
    </error>
  </testcase> <!-- TC25 -->
  <testcase classname="allPages.Admin" name="TC26" time="22.325"/>
  <testcase classname="allPages.Admin" name="TC27" time="12.994"/>
  <testcase classname="allPages.Admin" name="TC28" time="12.312"/>
  <testcase classname="allPages.Admin" name="TC29" time="13.336"/>
  <testcase classname="allPages.Admin" name="TC30" time="9.993"/>
  <testcase classname="allPages.Admin" name="TC31" time="19.592"/>
  <testcase classname="allPages.Admin" name="TC32" time="13.460">
    <skipped/>
  </testcase> <!-- TC32 -->
  <testcase classname="allPages.Admin" name="TC32" time="17.396">
    <error message="element click intercepted: Element &lt;button type=&quot;button&quot; aria-label=&quot;Close&quot; class=&quot;ant-modal-close&quot;&gt;...&lt;/button&gt; is not clickable at point (1537, 73). Other element would receive the click: &lt;div tabindex=&quot;-1&quot; class=&quot;ant-modal-wrap&quot;&gt;...&lt;/div&gt;
  (Session info: chrome=128.0.6613.120)
Build info: version: &#039;4.18.1&#039;, revision: &#039;b1d3319b48&#039;
System info: os.name: &#039;Windows 11&#039;, os.arch: &#039;amd64&#039;, os.version: &#039;10.0&#039;, java.version: &#039;21.0.2&#039;
Driver info: org.openqa.selenium.chrome.ChromeDriver
Command: [7583d71b5187c7ff9dd1d2b543b624c9, clickElement {id=f.D652C57E487496C281470BD94BB1DBCF.d.633E441DE040B8CBE2240C6C24CD6CE8.e.267}]
Capabilities {acceptInsecureCerts: false, browserName: chrome, browserVersion: 128.0.6613.120, chrome: {chromedriverVersion: 128.0.6613.119 (6e439cfca4d..., userDataDir: C:\Users\THIRUM~1\AppData\L...}, fedcm:accounts: true, goog:chromeOptions: {debuggerAddress: localhost:64470}, networkConnectionEnabled: false, pageLoadStrategy: normal, platformName: windows, proxy: Proxy(), se:cdp: ws://localhost:64470/devtoo..., se:cdpVersion: 128.0.6613.120, setWindowRect: true, strictFileInteractability: false, timeouts: {implicit: 0, pageLoad: 300000, script: 30000}, unhandledPromptBehavior: dismiss and notify, webauthn:extension:credBlob: true, webauthn:extension:largeBlob: true, webauthn:extension:minPinLength: true, webauthn:extension:prf: true, webauthn:virtualAuthenticators: true}
Element: [[ChromeDriver: chrome on windows (7583d71b5187c7ff9dd1d2b543b624c9)] -&gt; xpath: //*[@id=&quot;kt_body&quot;]/div[3]/div/div[2]/div/div[2]/div/button]
Session ID: 7583d71b5187c7ff9dd1d2b543b624c9" type="org.openqa.selenium.ElementClickInterceptedException">
      <![CDATA[org.openqa.selenium.ElementClickInterceptedException: element click intercepted: Element <button type="button" aria-label="Close" class="ant-modal-close">...</button> is not clickable at point (1537, 73). Other element would receive the click: <div tabindex="-1" class="ant-modal-wrap">...</div>
  (Session info: chrome=128.0.6613.120)
Build info: version: '4.18.1', revision: 'b1d3319b48'
System info: os.name: 'Windows 11', os.arch: 'amd64', os.version: '10.0', java.version: '21.0.2'
Driver info: org.openqa.selenium.chrome.ChromeDriver
Command: [7583d71b5187c7ff9dd1d2b543b624c9, clickElement {id=f.D652C57E487496C281470BD94BB1DBCF.d.633E441DE040B8CBE2240C6C24CD6CE8.e.267}]
Capabilities {acceptInsecureCerts: false, browserName: chrome, browserVersion: 128.0.6613.120, chrome: {chromedriverVersion: 128.0.6613.119 (6e439cfca4d..., userDataDir: C:\Users\THIRUM~1\AppData\L...}, fedcm:accounts: true, goog:chromeOptions: {debuggerAddress: localhost:64470}, networkConnectionEnabled: false, pageLoadStrategy: normal, platformName: windows, proxy: Proxy(), se:cdp: ws://localhost:64470/devtoo..., se:cdpVersion: 128.0.6613.120, setWindowRect: true, strictFileInteractability: false, timeouts: {implicit: 0, pageLoad: 300000, script: 30000}, unhandledPromptBehavior: dismiss and notify, webauthn:extension:credBlob: true, webauthn:extension:largeBlob: true, webauthn:extension:minPinLength: true, webauthn:extension:prf: true, webauthn:virtualAuthenticators: true}
Element: [[ChromeDriver: chrome on windows (7583d71b5187c7ff9dd1d2b543b624c9)] -> xpath: //*[@id="kt_body"]/div[3]/div/div[2]/div/div[2]/div/button]
Session ID: 7583d71b5187c7ff9dd1d2b543b624c9
at java.base/jdk.internal.reflect.DirectConstructorHandleAccessor.newInstance(DirectConstructorHandleAccessor.java:62)
at java.base/java.lang.reflect.Constructor.newInstanceWithCaller(Constructor.java:502)
at java.base/java.lang.reflect.Constructor.newInstance(Constructor.java:486)
at org.openqa.selenium.remote.ErrorCodec.decode(ErrorCodec.java:167)
at org.openqa.selenium.remote.codec.w3c.W3CHttpResponseCodec.decode(W3CHttpResponseCodec.java:138)
at org.openqa.selenium.remote.codec.w3c.W3CHttpResponseCodec.decode(W3CHttpResponseCodec.java:50)
at org.openqa.selenium.remote.HttpCommandExecutor.execute(HttpCommandExecutor.java:190)
at org.openqa.selenium.remote.service.DriverCommandExecutor.invokeExecute(DriverCommandExecutor.java:216)
at org.openqa.selenium.remote.service.DriverCommandExecutor.execute(DriverCommandExecutor.java:174)
at org.openqa.selenium.remote.RemoteWebDriver.execute(RemoteWebDriver.java:519)
at org.openqa.selenium.remote.RemoteWebElement.execute(RemoteWebElement.java:223)
at org.openqa.selenium.remote.RemoteWebElement.click(RemoteWebElement.java:76)
at allPages.Admin.TC32(Admin.java:698)
at java.base/jdk.internal.reflect.DirectMethodHandleAccessor.invoke(DirectMethodHandleAccessor.java:103)
at java.base/java.lang.reflect.Method.invoke(Method.java:580)
at org.testng.internal.invokers.MethodInvocationHelper.invokeMethod(MethodInvocationHelper.java:139)
at org.testng.internal.invokers.TestInvoker.invokeMethod(TestInvoker.java:664)
at org.testng.internal.invokers.TestInvoker.retryFailed(TestInvoker.java:249)
at org.testng.internal.invokers.MethodRunner.runInSequence(MethodRunner.java:76)
at org.testng.internal.invokers.TestInvoker$MethodInvocationAgent.invoke(TestInvoker.java:961)
at org.testng.internal.invokers.TestInvoker.invokeTestMethods(TestInvoker.java:201)
at org.testng.internal.invokers.TestMethodWorker.invokeTestMethods(TestMethodWorker.java:148)
at org.testng.internal.invokers.TestMethodWorker.run(TestMethodWorker.java:128)
at java.base/java.util.ArrayList.forEach(ArrayList.java:1596)
at org.testng.TestRunner.privateRun(TestRunner.java:819)
at org.testng.TestRunner.run(TestRunner.java:619)
at org.testng.SuiteRunner.runTest(SuiteRunner.java:443)
at org.testng.SuiteRunner.runSequentially(SuiteRunner.java:437)
at org.testng.SuiteRunner.privateRun(SuiteRunner.java:397)
at org.testng.SuiteRunner.run(SuiteRunner.java:336)
at org.testng.SuiteRunnerWorker.runSuite(SuiteRunnerWorker.java:52)
at org.testng.SuiteRunnerWorker.run(SuiteRunnerWorker.java:95)
at org.testng.TestNG.runSuitesSequentially(TestNG.java:1301)
at org.testng.TestNG.runSuitesLocally(TestNG.java:1228)
at org.testng.TestNG.runSuites(TestNG.java:1134)
at org.testng.TestNG.run(TestNG.java:1101)
at org.testng.remote.AbstractRemoteTestNG.run(AbstractRemoteTestNG.java:115)
at org.testng.remote.RemoteTestNG.initAndRun(RemoteTestNG.java:251)
at org.testng.remote.RemoteTestNG.main(RemoteTestNG.java:77)
]]>
    </error>
  </testcase> <!-- TC32 -->
  <testcase classname="allPages.Admin" name="TC32" time="17.765">
    <skipped/>
  </testcase> <!-- TC32 -->
  <testcase classname="allPages.Admin" name="TC33" time="14.033"/>
  <testcase classname="allPages.Admin" name="TC34" time="11.285"/>
  <testcase classname="allPages.Admin" name="TC35" time="11.528"/>
  <testcase classname="allPages.Admin" name="TC36" time="13.542"/>
  <testcase classname="allPages.Admin" name="TC37" time="11.983"/>
  <testcase classname="allPages.Admin" name="TC38" time="11.458"/>
  <testcase classname="allPages.Admin" name="TC39" time="13.627"/>
  <testcase classname="allPages.Admin" name="TC40" time="9.568"/>
  <testcase classname="allPages.Admin" name="TC41" time="13.681"/>
  <testcase classname="allPages.Admin" name="TC42" time="18.844"/>
  <testcase classname="allPages.Admin" name="TC43" time="12.279"/>
  <testcase classname="allPages.Admin" name="TC44" time="8.986"/>
  <testcase classname="allPages.Admin" name="TC45" time="11.311"/>
  <testcase classname="allPages.Admin" name="TC46" time="12.909"/>
  <testcase classname="allPages.Admin" name="TC47" time="9.185"/>
  <testcase classname="allPages.Admin" name="TC48" time="12.301"/>
  <testcase classname="allPages.Admin" name="TC49" time="8.836"/>
  <testcase classname="allPages.Admin" name="TC50" time="10.038"/>
  <testcase classname="allPages.Admin" name="TC51" time="12.459"/>
  <testcase classname="allPages.Admin" name="TC52" time="8.970"/>
</testsuite> <!-- allPages.Admin -->
