<?xml version="1.0" encoding="UTF-8"?>
<!-- Generated by org.testng.reporters.JUnitReportReporter -->
<testsuite hostname="SSSLT025" failures="0" tests="1" name="allPages.BankSetup" time="10.686" errors="0" timestamp="2024-09-05T10:07:34 IST" skipped="0">
  <testcase classname="allPages.BankSetup" name="AuthorizedNetClick" time="10.686"/>
</testsuite> <!-- allPages.BankSetup -->
