<?xml version="1.0" encoding="UTF-8"?>
<!-- Generated by org.testng.reporters.JUnitReportReporter -->
<testsuite hostname="SSSLT025" failures="0" tests="18" name="allPages.Tickets" time="228.856" errors="0" timestamp="2024-09-05T17:33:37 IST" skipped="2">
  <testcase classname="allPages.Tickets" name="TicketsClick" time="5.515"/>
  <testcase classname="allPages.Tickets" name="TC01" time="6.043"/>
  <testcase classname="allPages.Tickets" name="TC02" time="5.518"/>
  <testcase classname="allPages.Tickets" name="TC03" time="16.229"/>
  <testcase classname="allPages.Tickets" name="TC04" time="16.378"/>
  <testcase classname="allPages.Tickets" name="TC05" time="12.711"/>
  <testcase classname="allPages.Tickets" name="TC06" time="16.613"/>
  <testcase classname="allPages.Tickets" name="TC07" time="13.762"/>
  <testcase classname="allPages.Tickets" name="TC08" time="19.934"/>
  <testcase classname="allPages.Tickets" name="TC09" time="14.067"/>
  <testcase classname="allPages.Tickets" name="TC10" time="14.815"/>
  <testcase classname="allPages.Tickets" name="TC11" time="14.770"/>
  <testcase classname="allPages.Tickets" name="TC12" time="11.874"/>
  <testcase classname="allPages.Tickets" name="TC12" time="11.211">
    <skipped/>
  </testcase> <!-- TC12 -->
  <testcase classname="allPages.Tickets" name="TC13" time="13.132"/>
  <testcase classname="allPages.Tickets" name="TC14" time="11.566">
    <skipped/>
  </testcase> <!-- TC14 -->
  <testcase classname="allPages.Tickets" name="TC14" time="12.741"/>
  <testcase classname="allPages.Tickets" name="TC15" time="11.977"/>
</testsuite> <!-- allPages.Tickets -->
